<?xml version="1.0" encoding="UTF-8"?>
<!-- Generated by org.testng.reporters.JUnitXMLReporter -->
<testsuite ignored="0" hostname="Om_Namah_Shivay" failures="1" tests="1" name="Test" time="0.047" errors="0" timestamp="2024-04-27T07:58:15 IST">
  <testcase classname="Jenkinsa.PassingParamterThroughMaven" name="setup" time="0.0">
    <failure type="org.testng.TestNGException" message="
Parameter &amp;apos;usernameValue&amp;apos; is required by @Test on method setup but has not been marked @Optional or defined
in C:\Users\apall\OneDrive\Documents\WorkSpaces\Pallavi\TestNGConcept\Jenkinss.xml">
      <![CDATA[org.testng.TestNGException: 
Parameter 'usernameValue' is required by @Test on method setup but has not been marked @Optional or defined
in C:\Users\apall\OneDrive\Documents\WorkSpaces\Pallavi\TestNGConcept\Jenkinss.xml
at java.base/java.util.ArrayList.forEach(ArrayList.java:1541)
... Removed 26 stack frames]]>
    </failure>
  </testcase> <!-- setup -->
</testsuite> <!-- Test -->
